#
# A fatal error has been detected by the Java Runtime Environment:
#
#  EXCEPTION_ACCESS_VIOLATION (0xc0000005) at pc=0x6d8bd3a2, pid=11216, tid=5128
#
# JRE version: 6.0_26-b03
# Java VM: Java HotSpot(TM) Client VM (20.1-b02 mixed mode windows-x86 )
# Problematic frame:
# V  [jvm.dll+0x1d3a2]
#
# If you would like to submit a bug report, please visit:
#   http://java.sun.com/webapps/bugreport/crash.jsp
#

---------------  T H R E A D  ---------------

Current thread (0x020be000):  JavaThread "JDWP Transport Listener: dt_socket" daemon [_thread_in_vm, id=5128, stack(0x68ac0000,0x68b10000)]

siginfo: ExceptionCode=0xc0000005, reading address 0x00000004

Registers:
EAX=0x00000000, EBX=0x020be000, ECX=0x00000000, EDX=0x00000000
ESP=0x68b0fa54, EBP=0x68b0fa58, ESI=0x00000010, EDI=0x04999700
EIP=0x6d8bd3a2, EFLAGS=0x00010246

Top of Stack: (sp=0x68b0fa54)
0x68b0fa54:   020be128 68b0fa80 6d9333a2 04999700
0x68b0fa64:   6d43e10c 020be128 6d43e124 020be000
0x68b0fa74:   00000000 020be128 68b0fc54 6d43e94c
0x68b0fa84:   6d4262bd 020be128 0208bcdc 00000000
0x68b0fa94:   68b0fab8 68b0fc54 6d442b0a 68b0fc54
0x68b0faa4:   0208bcdc 68b0fc24 6d42ba32 68b0fc24
0x68b0fab4:   68b0fac4 6d43e840 6d2b4014 6d442be0
0x68b0fac4:   68b0faf4 0000012c 68b0fad0 00000000 

Instructions: (pc=0x6d8bd3a2)
0x6d8bd382:   ec 8b 45 08 8b 0d 0c 27 b1 6d 8b 15 08 27 b1 6d
0x6d8bd392:   8b 0c 01 8b 14 02 56 8b 35 04 27 b1 6d 8b 04 06
0x6d8bd3a2:   8b 71 04 8b 76 0c 81 e6 00 ff 00 00 81 fe 00 05
0x6d8bd3b2:   00 00 5e 75 20 85 c0 75 0e 33 c9 50 51 e8 3c 48 


Register to memory mapping:

EAX=0x00000000 is an unknown value
EBX=0x020be000 is a thread
ECX=0x00000000 is an unknown value
EDX=0x00000000 is an unknown value
ESP=0x68b0fa54 is pointing into the stack for thread: 0x020be000
EBP=0x68b0fa58 is pointing into the stack for thread: 0x020be000
ESI=0x00000010 is an unknown value
EDI=
[error occurred during error reporting (printing register info), id 0xc0000005]

Stack: [0x68ac0000,0x68b10000],  sp=0x68b0fa54,  free space=318k
Native frames: (J=compiled Java code, j=interpreted, Vv=VM code, C=native code)
V  [jvm.dll+0x1d3a2]
V  [jvm.dll+0x933a2]


---------------  P R O C E S S  ---------------

Java Threads: ( => current thread )
  0x691d7400 JavaThread "Timer-0" daemon [_thread_blocked, id=10216, stack(0x6bd30000,0x6bd80000)]
  0x690d7400 JavaThread "AWT-Windows" daemon [_thread_in_native, id=11020, stack(0x69430000,0x69480000)]
  0x690d1c00 JavaThread "Java2D Disposer" daemon [_thread_blocked, id=9152, stack(0x692f0000,0x69340000)]
  0x020e1400 JavaThread "Low Memory Detector" daemon [_thread_blocked, id=14816, stack(0x68f10000,0x68f60000)]
  0x020d4800 JavaThread "C1 CompilerThread0" daemon [_thread_blocked, id=5800, stack(0x68e80000,0x68ed0000)]
  0x020c6000 JavaThread "JDWP Command Reader" daemon [_thread_in_native, id=9296, stack(0x68d80000,0x68dd0000)]
  0x020c4c00 JavaThread "JDWP Event Helper Thread" daemon [_thread_blocked, id=15008, stack(0x68b90000,0x68be0000)]
=>0x020be000 JavaThread "JDWP Transport Listener: dt_socket" daemon [_thread_in_vm, id=5128, stack(0x68ac0000,0x68b10000)]
  0x0208ac00 JavaThread "Attach Listener" daemon [_thread_blocked, id=5760, stack(0x688f0000,0x68940000)]
  0x02087800 JavaThread "Signal Dispatcher" daemon [_thread_blocked, id=14820, stack(0x68860000,0x688b0000)]
  0x02080800 JavaThread "Finalizer" daemon [_thread_blocked, id=15244, stack(0x687d0000,0x68820000)]
  0x0207bc00 JavaThread "Reference Handler" daemon [_thread_blocked, id=14248, stack(0x68740000,0x68790000)]
  0x01bba000 JavaThread "main" [_thread_blocked, id=6572, stack(0x003b0000,0x00400000)]

Other Threads:
  0x02077c00 VMThread [stack: 0x686b0000,0x68700000] [id=14988]
  0x020e3400 WatcherThread [stack: 0x69010000,0x69060000] [id=6944]

VM state:not at safepoint (normal execution)

VM Mutex/Monitor currently owned by a thread: None

Heap
 def new generation   total 78656K, used 9911K [0x04170000, 0x096c0000, 0x24170000)
  eden space 69952K,  14% used [0x04170000, 0x04b1ddb0, 0x085c0000)
  from space 8704K,   0% used [0x085c0000, 0x085c0000, 0x08e40000)
  to   space 8704K,   0% used [0x08e40000, 0x08e40000, 0x096c0000)
 tenured generation   total 174784K, used 0K [0x24170000, 0x2ec20000, 0x64170000)
   the space 174784K,   0% used [0x24170000, 0x24170000, 0x24170200, 0x2ec20000)
 compacting perm gen  total 12288K, used 8309K [0x64170000, 0x64d70000, 0x68170000)
   the space 12288K,  67% used [0x64170000, 0x6498d7f8, 0x6498d800, 0x64d70000)
No shared spaces configured.

Code Cache  [0x020f0000, 0x02190000, 0x040f0000)
 total_blobs=268 nmethods=92 adapters=120 free_code_cache=32919168 largest_free_block=0

Dynamic libraries:
0x00400000 - 0x00424000 	D:\Java\jdk1.6.0_26\bin\javaw.exe
0x77690000 - 0x77810000 	C:\Windows\SysWOW64\ntdll.dll
0x75350000 - 0x75460000 	C:\Windows\syswow64\kernel32.dll
0x74f20000 - 0x74f66000 	C:\Windows\syswow64\KERNELBASE.dll
0x75130000 - 0x751d0000 	C:\Windows\syswow64\ADVAPI32.dll
0x76d20000 - 0x76dcc000 	C:\Windows\syswow64\msvcrt.dll
0x74f70000 - 0x74f89000 	C:\Windows\SysWOW64\sechost.dll
0x76610000 - 0x76700000 	C:\Windows\syswow64\RPCRT4.dll
0x74d70000 - 0x74dd0000 	C:\Windows\syswow64\SspiCli.dll
0x74d60000 - 0x74d6c000 	C:\Windows\syswow64\CRYPTBASE.dll
0x76ab0000 - 0x76bb0000 	C:\Windows\syswow64\USER32.dll
0x76450000 - 0x764e0000 	C:\Windows\syswow64\GDI32.dll
0x75460000 - 0x7546a000 	C:\Windows\syswow64\LPK.dll
0x76230000 - 0x762cd000 	C:\Windows\syswow64\USP10.dll
0x752f0000 - 0x75350000 	C:\Windows\system32\IMM32.DLL
0x76bb0000 - 0x76c7c000 	C:\Windows\syswow64\MSCTF.dll
0x7c340000 - 0x7c396000 	D:\Java\jdk1.6.0_26\jre\bin\msvcr71.dll
0x6d8a0000 - 0x6db4f000 	D:\Java\jdk1.6.0_26\jre\bin\client\jvm.dll
0x73770000 - 0x737a2000 	C:\Windows\system32\WINMM.dll
0x73440000 - 0x7348c000 	C:\Windows\system32\apphelp.dll
0x6d850000 - 0x6d85c000 	D:\Java\jdk1.6.0_26\jre\bin\verify.dll
0x6d3d0000 - 0x6d3ef000 	D:\Java\jdk1.6.0_26\jre\bin\java.dll
0x77660000 - 0x77665000 	C:\Windows\system32\PSAPI.DLL
0x6d420000 - 0x6d44a000 	D:\Java\jdk1.6.0_26\jre\bin\jdwp.dll
0x6d740000 - 0x6d746000 	D:\Java\jdk1.6.0_26\jre\bin\npt.dll
0x6d890000 - 0x6d89f000 	D:\Java\jdk1.6.0_26\jre\bin\zip.dll
0x6d2b0000 - 0x6d2b7000 	D:\Java\jdk1.6.0_26\jre\bin\dt_socket.dll
0x76ce0000 - 0x76d15000 	C:\Windows\syswow64\WS2_32.dll
0x76600000 - 0x76606000 	C:\Windows\syswow64\NSI.dll
0x72ba0000 - 0x72bb0000 	C:\Windows\system32\NLAapi.dll
0x72b90000 - 0x72ba0000 	C:\Windows\system32\napinsp.dll
0x72b50000 - 0x72b62000 	C:\Windows\system32\pnrpnsp.dll
0x72b10000 - 0x72b4c000 	C:\Windows\System32\mswsock.dll
0x72ac0000 - 0x72b04000 	C:\Windows\system32\DNSAPI.dll
0x72ab0000 - 0x72ab8000 	C:\Windows\System32\winrnr.dll
0x72a80000 - 0x72aa1000 	C:\Program Files (x86)\Bonjour\mdnsNSP.dll
0x737c0000 - 0x737dc000 	C:\Windows\system32\Iphlpapi.DLL
0x737b0000 - 0x737b7000 	C:\Windows\system32\WINNSI.DLL
0x72a40000 - 0x72a78000 	C:\Windows\System32\fwpuclnt.dll
0x729c0000 - 0x729c6000 	C:\Windows\system32\rasadhlp.dll
0x689d0000 - 0x68a0d000 	C:\Program Files (x86)\LeagSoft\UniAccess Agent\DebussyReverie.dll
0x7c3a0000 - 0x7c41b000 	C:\Windows\system32\MSVCP71.dll
0x73920000 - 0x73929000 	C:\Windows\system32\VERSION.dll
0x729a0000 - 0x729a5000 	C:\Windows\System32\wshtcpip.dll
0x6d0b0000 - 0x6d1fb000 	D:\Java\jdk1.6.0_26\jre\bin\awt.dll
0x72bb0000 - 0x72c01000 	C:\Windows\system32\WINSPOOL.DRV
0x762f0000 - 0x7644c000 	C:\Windows\syswow64\ole32.dll
0x732a0000 - 0x7343e000 	C:\Windows\WinSxS\x86_microsoft.windows.common-controls_6595b64144ccf1df_6.0.7601.17514_none_41e6975e2bd6f2b2\COMCTL32.dll
0x751d0000 - 0x75227000 	C:\Windows\syswow64\SHLWAPI.dll
0x6f8a0000 - 0x6f924000 	C:\Windows\WinSxS\x86_microsoft.windows.common-controls_6595b64144ccf1df_5.82.7601.17514_none_ec83dffa859149af\comctl32.dll
0x72790000 - 0x727a3000 	C:\Windows\system32\DWMAPI.DLL
0x6d2e0000 - 0x6d32f000 	D:\Java\jdk1.6.0_26\jre\bin\fontmanager.dll
0x6e020000 - 0x6e0e8000 	D:\Program Files\360\360Safe\safemon\safemon.dll
0x75500000 - 0x7614a000 	C:\Windows\syswow64\SHELL32.dll
0x76a20000 - 0x76aaf000 	C:\Windows\syswow64\OLEAUT32.dll
0x764e0000 - 0x765fb000 	C:\Windows\syswow64\WININET.dll
0x768c0000 - 0x768c3000 	C:\Windows\syswow64\Normaliz.dll
0x76700000 - 0x768b8000 	C:\Windows\syswow64\iertutil.dll
0x74dd0000 - 0x74ee1000 	C:\Windows\syswow64\urlmon.dll
0x6cee0000 - 0x6cef3000 	D:\Program Files\TeamViewer\Version7\tv_w32.dll
0x6c240000 - 0x6c267000 	C:\Windows\system32\CRTDLL.dll
0x6e730000 - 0x6e8f3000 	C:\Windows\system32\d3d9.dll
0x6e720000 - 0x6e726000 	C:\Windows\system32\d3d8thk.dll
0x75230000 - 0x7525d000 	C:\Windows\syswow64\WINTRUST.dll
0x768d0000 - 0x769ed000 	C:\Windows\syswow64\CRYPT32.dll
0x75260000 - 0x7526c000 	C:\Windows\syswow64\MSASN1.dll
0x694c0000 - 0x69551000 	C:\Windows\system32\igdumdx32.dll
0x697d0000 - 0x69ca1000 	C:\Windows\system32\igdumd32.dll
0x749b0000 - 0x749d5000 	C:\Windows\system32\PowrProf.dll
0x74f90000 - 0x7512d000 	C:\Windows\syswow64\SETUPAPI.dll
0x769f0000 - 0x76a17000 	C:\Windows\syswow64\CFGMGR32.dll
0x762d0000 - 0x762e2000 	C:\Windows\syswow64\DEVOBJ.dll
0x6d6b0000 - 0x6d6c3000 	D:\Java\jdk1.6.0_26\jre\bin\net.dll
0x6f930000 - 0x6f936000 	C:\Windows\System32\wship6.dll

VM Arguments:
jvm_args: -agentlib:jdwp=transport=dt_socket,suspend=y,address=localhost:65337 -Xms256m -Xmx1536m -Dfile.encoding=GBK 
java_command: com.wangrui.client.DiskCheck
Launcher Type: SUN_STANDARD

Environment Variables:
JAVA_HOME=D:\Java\jdk1.7.0_02
CLASSPATH=.;C:\Program Files (x86)\QuickTime\QTSystem\QTJava.zip
PATH=D:\Java\jdk1.6.0_26\jre\bin;C:\Program Files (x86)\Common Files\NetSarang;D:\oracle\product\10.2.0\client_1\bin;C:\Windows\system32;C:\Windows;C:\Windows\System32\Wbem;C:\Windows\System32\WindowsPowerShell\v1.0\;D:\Java\jdk1.7.0_02\bin;C:\Program Files\TortoiseSVN\bin;D:\apache-ant-1.8.4\bin;D:\Program Files\Subversion\bin;C:\Program Files (x86)\QuickTime\QTSystem\;D:\Program Files\IDM Computer Solutions\UltraEdit\;D:\Program Files\SSH Communications Security\SSH Secure Shell;D:\Program Files\IDM Computer Solutions\UltraCompare\;D:\Program Files\SSH Secure Shell
USERNAME=wangrui
OS=Windows_NT
PROCESSOR_IDENTIFIER=Intel64 Family 6 Model 23 Stepping 10, GenuineIntel



---------------  S Y S T E M  ---------------

OS: Windows 7 Build 7601 Service Pack 1

CPU:total 2 (2 cores per cpu, 1 threads per core) family 6 model 23 stepping 10, cmov, cx8, fxsr, mmx, sse, sse2, sse3, ssse3

Memory: 4k page, physical 4060340k(936212k free), swap 8379772k(1614984k free)

vm_info: Java HotSpot(TM) Client VM (20.1-b02) for windows-x86 JRE (1.6.0_26-b03), built on May  4 2011 00:50:59 by "java_re" with MS VC++ 7.1 (VS2003)

time: Fri Sep 28 10:35:43 2012
elapsed time: 87 seconds

