#
# A fatal error has been detected by the Java Runtime Environment:
#
#  EXCEPTION_ACCESS_VIOLATION (0xc0000005) at pc=0x6d8bd3a2, pid=6848, tid=6312
#
# JRE version: 6.0_26-b03
# Java VM: Java HotSpot(TM) Client VM (20.1-b02 mixed mode windows-x86 )
# Problematic frame:
# V  [jvm.dll+0x1d3a2]
#
# If you would like to submit a bug report, please visit:
#   http://java.sun.com/webapps/bugreport/crash.jsp
#

---------------  T H R E A D  ---------------

Current thread (0x0241cc00):  JavaThread "JDWP Transport Listener: dt_socket" daemon [_thread_in_vm, id=6312, stack(0x68f30000,0x68f80000)]

siginfo: ExceptionCode=0xc0000005, reading address 0x00000004

Registers:
EAX=0x00000000, EBX=0x0241cc00, ECX=0x00000000, EDX=0x00000000
ESP=0x68f7fa54, EBP=0x68f7fa58, ESI=0x00000010, EDI=0x045443c8
EIP=0x6d8bd3a2, EFLAGS=0x00010246

Top of Stack: (sp=0x68f7fa54)
0x68f7fa54:   0241cd28 68f7fa80 6d9333a2 045443c8
0x68f7fa64:   6d43e10c 0241cd28 6d43e124 0241cc00
0x68f7fa74:   00000000 0241cd28 68f7fc54 6d43e94c
0x68f7fa84:   6d4262bd 0241cd28 02437c00 00000000
0x68f7fa94:   68f7fab8 68f7fc54 6d442b0a 68f7fc54
0x68f7faa4:   02437c00 68f7fc24 6d42ba32 68f7fc24
0x68f7fab4:   68f7fac4 6d43e840 6d2b4014 6d442be0
0x68f7fac4:   68f7faf4 0000012c 68f7fad0 00000000 

Instructions: (pc=0x6d8bd3a2)
0x6d8bd382:   ec 8b 45 08 8b 0d 0c 27 b1 6d 8b 15 08 27 b1 6d
0x6d8bd392:   8b 0c 01 8b 14 02 56 8b 35 04 27 b1 6d 8b 04 06
0x6d8bd3a2:   8b 71 04 8b 76 0c 81 e6 00 ff 00 00 81 fe 00 05
0x6d8bd3b2:   00 00 5e 75 20 85 c0 75 0e 33 c9 50 51 e8 3c 48 


Register to memory mapping:

EAX=0x00000000 is an unknown value
EBX=0x0241cc00 is a thread
ECX=0x00000000 is an unknown value
EDX=0x00000000 is an unknown value
ESP=0x68f7fa54 is pointing into the stack for thread: 0x0241cc00
EBP=0x68f7fa58 is pointing into the stack for thread: 0x0241cc00
ESI=0x00000010 is an unknown value
EDI=0x045443c8 is an oop
java.lang.String 
 - klass: 'java/lang/String'


Stack: [0x68f30000,0x68f80000],  sp=0x68f7fa54,  free space=318k
Native frames: (J=compiled Java code, j=interpreted, Vv=VM code, C=native code)
V  [jvm.dll+0x1d3a2]
V  [jvm.dll+0x933a2]


---------------  P R O C E S S  ---------------

Java Threads: ( => current thread )
  0x02441400 JavaThread "Low Memory Detector" daemon [_thread_blocked, id=6328, stack(0x69350000,0x693a0000)]
  0x02434400 JavaThread "C1 CompilerThread0" daemon [_thread_blocked, id=5408, stack(0x692c0000,0x69310000)]
  0x02425400 JavaThread "JDWP Command Reader" daemon [_thread_in_native, id=6028, stack(0x691b0000,0x69200000)]
  0x02424400 JavaThread "JDWP Event Helper Thread" daemon [_thread_blocked, id=2672, stack(0x69120000,0x69170000)]
=>0x0241cc00 JavaThread "JDWP Transport Listener: dt_socket" daemon [_thread_in_vm, id=6312, stack(0x68f30000,0x68f80000)]
  0x023ea400 JavaThread "Attach Listener" daemon [_thread_blocked, id=3444, stack(0x68cf0000,0x68d40000)]
  0x023e9800 JavaThread "Signal Dispatcher" daemon [_thread_blocked, id=3824, stack(0x68c60000,0x68cb0000)]
  0x023dd400 JavaThread "Finalizer" daemon [_thread_blocked, id=6732, stack(0x68bd0000,0x68c20000)]
  0x023dbc00 JavaThread "Reference Handler" daemon [_thread_blocked, id=5148, stack(0x68b40000,0x68b90000)]
  0x024f9c00 JavaThread "main" [_thread_blocked, id=6112, stack(0x00390000,0x003e0000)]

Other Threads:
  0x023d8400 VMThread [stack: 0x68ab0000,0x68b00000] [id=6852]
  0x02443400 WatcherThread [stack: 0x693e0000,0x69430000] [id=6268]

VM state:not at safepoint (normal execution)

VM Mutex/Monitor currently owned by a thread: None

Heap
 def new generation   total 78656K, used 2798K [0x04500000, 0x09a50000, 0x24500000)
  eden space 69952K,   4% used [0x04500000, 0x047bb878, 0x08950000)
  from space 8704K,   0% used [0x08950000, 0x08950000, 0x091d0000)
  to   space 8704K,   0% used [0x091d0000, 0x091d0000, 0x09a50000)
 tenured generation   total 174784K, used 0K [0x24500000, 0x2efb0000, 0x64500000)
   the space 174784K,   0% used [0x24500000, 0x24500000, 0x24500200, 0x2efb0000)
 compacting perm gen  total 12288K, used 2185K [0x64500000, 0x65100000, 0x68500000)
   the space 12288K,  17% used [0x64500000, 0x64722760, 0x64722800, 0x65100000)
No shared spaces configured.

Code Cache  [0x02500000, 0x02570000, 0x04500000)
 total_blobs=120 nmethods=5 adapters=60 free_code_cache=33106624 largest_free_block=0

Dynamic libraries:
0x00400000 - 0x00424000 	D:\Java\jdk1.6.0_26\bin\javaw.exe
0x77650000 - 0x777d0000 	C:\Windows\SysWOW64\ntdll.dll
0x75a90000 - 0x75ba0000 	C:\Windows\syswow64\kernel32.dll
0x76b80000 - 0x76bc6000 	C:\Windows\syswow64\KERNELBASE.dll
0x76560000 - 0x76600000 	C:\Windows\syswow64\ADVAPI32.dll
0x769a0000 - 0x76a4c000 	C:\Windows\syswow64\msvcrt.dll
0x76b60000 - 0x76b79000 	C:\Windows\SysWOW64\sechost.dll
0x76240000 - 0x76330000 	C:\Windows\syswow64\RPCRT4.dll
0x74d30000 - 0x74d90000 	C:\Windows\syswow64\SspiCli.dll
0x74d20000 - 0x74d2c000 	C:\Windows\syswow64\CRYPTBASE.dll
0x76a60000 - 0x76b60000 	C:\Windows\syswow64\USER32.dll
0x75ba0000 - 0x75c30000 	C:\Windows\syswow64\GDI32.dll
0x76230000 - 0x7623a000 	C:\Windows\syswow64\LPK.dll
0x759e0000 - 0x75a7d000 	C:\Windows\syswow64\USP10.dll
0x764c0000 - 0x76520000 	C:\Windows\system32\IMM32.DLL
0x75c30000 - 0x75cfc000 	C:\Windows\syswow64\MSCTF.dll
0x7c340000 - 0x7c396000 	D:\Java\jdk1.6.0_26\jre\bin\msvcr71.dll
0x6d8a0000 - 0x6db4f000 	D:\Java\jdk1.6.0_26\jre\bin\client\jvm.dll
0x74b90000 - 0x74bc2000 	C:\Windows\system32\WINMM.dll
0x74300000 - 0x7434c000 	C:\Windows\system32\apphelp.dll
0x6d850000 - 0x6d85c000 	D:\Java\jdk1.6.0_26\jre\bin\verify.dll
0x6d3d0000 - 0x6d3ef000 	D:\Java\jdk1.6.0_26\jre\bin\java.dll
0x76420000 - 0x76425000 	C:\Windows\system32\PSAPI.DLL
0x6d420000 - 0x6d44a000 	D:\Java\jdk1.6.0_26\jre\bin\jdwp.dll
0x6d740000 - 0x6d746000 	D:\Java\jdk1.6.0_26\jre\bin\npt.dll
0x6d890000 - 0x6d89f000 	D:\Java\jdk1.6.0_26\jre\bin\zip.dll
0x6d2b0000 - 0x6d2b7000 	D:\Java\jdk1.6.0_26\jre\bin\dt_socket.dll
0x76520000 - 0x76555000 	C:\Windows\syswow64\WS2_32.dll
0x76a50000 - 0x76a56000 	C:\Windows\syswow64\NSI.dll
0x73e30000 - 0x73e40000 	C:\Windows\system32\NLAapi.dll
0x73e20000 - 0x73e30000 	C:\Windows\system32\napinsp.dll
0x73cb0000 - 0x73cc2000 	C:\Windows\system32\pnrpnsp.dll
0x73f80000 - 0x73fbc000 	C:\Windows\System32\mswsock.dll
0x73f30000 - 0x73f74000 	C:\Windows\system32\DNSAPI.dll
0x73ca0000 - 0x73ca8000 	C:\Windows\System32\winrnr.dll
0x73ec0000 - 0x73ee1000 	C:\Program Files (x86)\Bonjour\mdnsNSP.dll
0x74be0000 - 0x74bfc000 	C:\Windows\system32\Iphlpapi.DLL
0x74bd0000 - 0x74bd7000 	C:\Windows\system32\WINNSI.DLL
0x73c60000 - 0x73c98000 	C:\Windows\System32\fwpuclnt.dll
0x73c50000 - 0x73c56000 	C:\Windows\system32\rasadhlp.dll
0x68e20000 - 0x68e5d000 	C:\Program Files (x86)\LeagSoft\UniAccess Agent\DebussyReverie.dll
0x7c3a0000 - 0x7c41b000 	C:\Windows\system32\MSVCP71.dll
0x74c50000 - 0x74c59000 	C:\Windows\system32\VERSION.dll
0x73bc0000 - 0x73bc5000 	C:\Windows\System32\wshtcpip.dll

VM Arguments:
jvm_args: -agentlib:jdwp=transport=dt_socket,suspend=y,address=localhost:59665 -Xms256m -Xmx1536m -Dfile.encoding=UTF-8 
java_command: com.wangrui.test.test1
Launcher Type: SUN_STANDARD

Environment Variables:
JAVA_HOME=D:\Java\jdk1.7.0_02
CLASSPATH=.;C:\Program Files (x86)\QuickTime\QTSystem\QTJava.zip
PATH=D:\Java\jdk1.6.0_26\jre\bin;C:\Program Files (x86)\Common Files\NetSarang;D:\oracle\product\10.2.0\client_1\bin;C:\Windows\system32;C:\Windows;C:\Windows\System32\Wbem;C:\Windows\System32\WindowsPowerShell\v1.0\;D:\Java\jdk1.7.0_02\bin;C:\Program Files\TortoiseSVN\bin;D:\apache-ant-1.8.4\bin;D:\Program Files\Subversion\bin;C:\Program Files (x86)\QuickTime\QTSystem\;D:\Program Files\IDM Computer Solutions\UltraEdit\;D:\Program Files\SSH Communications Security\SSH Secure Shell;D:\Program Files\IDM Computer Solutions\UltraCompare\;D:\Program Files\SSH Secure Shell
USERNAME=wangrui
OS=Windows_NT
PROCESSOR_IDENTIFIER=Intel64 Family 6 Model 23 Stepping 10, GenuineIntel



---------------  S Y S T E M  ---------------

OS: Windows 7 Build 7601 Service Pack 1

CPU:total 2 (2 cores per cpu, 1 threads per core) family 6 model 23 stepping 10, cmov, cx8, fxsr, mmx, sse, sse2, sse3, ssse3

Memory: 4k page, physical 4060340k(1243848k free), swap 8118828k(4471664k free)

vm_info: Java HotSpot(TM) Client VM (20.1-b02) for windows-x86 JRE (1.6.0_26-b03), built on May  4 2011 00:50:59 by "java_re" with MS VC++ 7.1 (VS2003)

time: Sun Oct 07 15:48:53 2012
elapsed time: 132 seconds

